make all --print-data-base --no-builtin-variables --no-builtin-rules --question
# GNU Make 4.1
# Built for x86_64-pc-linux-gnu
# Copyright (C) 1988-2014 Free Software Foundation, Inc.
# License GPLv3+: GNU GPL version 3 or later <http://gnu.org/licenses/gpl.html>
# This is free software: you are free to change and redistribute it.
# There is NO WARRANTY, to the extent permitted by law.

# Make data base, printed on Mon Oct 11 03:50:40 2021

# Variables

# automatic
<D = $(patsubst %/,%,$(dir $<))
# automatic
?F = $(notdir $?)
# environment
DESKTOP_SESSION = ubuntu
# default
.SHELLFLAGS := -c
# environment
XDG_SESSION_TYPE = x11
# environment
VSCODE_LOG_NATIVE = false
# environment
UPSTART_INSTANCE = 
# automatic
?D = $(patsubst %/,%,$(dir $?))
# automatic
@D = $(patsubst %/,%,$(dir $@))
# environment
XAUTHORITY = /home/chen/.Xauthority
# environment
GDMSESSION = ubuntu
# environment
XMODIFIERS = @im=ibus
# makefile
CURDIR := /home/chen/Desktop/csc3150/source/bonus
# makefile
SHELL = /bin/sh
# environment
UPSTART_JOB = unity7
# environment
VSCODE_NLS_CONFIG = {"locale":"en-us","availableLanguages":{},"_languagePackSupport":true}
# environment
_ = /usr/share/code/code
# environment
XDG_CONFIG_DIRS = /etc/xdg/xdg-ubuntu:/usr/share/upstart/xdg:/etc/xdg
# makefile (from 'Makefile', line 1)
MAKEFILE_LIST :=  Makefile
# automatic
@F = $(notdir $@)
# environment
GIO_LAUNCHED_DESKTOP_FILE = /usr/share/applications/code.desktop
# 'override' directive
GNUMAKEFLAGS := 
# environment
SESSIONTYPE = gnome-session
# environment
MANDATORY_PATH = /usr/share/gconf/ubuntu.mandatory.path
# environment
XDG_DATA_DIRS = /usr/share/ubuntu:/usr/share/gnome:/usr/local/share:/usr/share:/var/lib/snapd/desktop
# environment
DBUS_SESSION_BUS_ADDRESS = unix:abstract=/tmp/dbus-6UoeeIFlIw
# environment
VSCODE_VERBOSE_LOGGING = true
# makefile (from 'Makefile', line 1)
CFILES := abort.c alarm.c bus.c floating.c hangup.c illegal_instr.c interrupt.c kill.c myfork.c normal1.c normal10.c normal2.c normal3.c normal4.c normal5.c normal6.c normal7.c normal8.c normal9.c pipe.c quit.c segment_fault.c terminate.c trap.c
# environment
UNITY_DEFAULT_PROFILE = unity
# environment
CLUTTER_IM_MODULE = xim
# environment
LESSOPEN = | /usr/bin/lesspipe %s
# environment
VSCODE_CWD = /home/chen
# environment
XDG_SESSION_PATH = /org/freedesktop/DisplayManager/Session0
# default
MAKE_HOST := x86_64-pc-linux-gnu
# environment
PATH = /home/chen/bin:/home/chen/.local/bin:/home/chen/bin:/home/chen/.local/bin:/usr/local/sbin:/usr/local/bin:/usr/sbin:/usr/bin:/sbin:/bin:/usr/games:/usr/local/games:/snap/bin
# environment
UNITY_HAS_3D_SUPPORT = true
# environment
GPG_AGENT_INFO = /home/chen/.gnupg/S.gpg-agent:0:1
# environment
SESSION_MANAGER = local/ubuntu:@/tmp/.ICE-unix/1711,unix/ubuntu:/tmp/.ICE-unix/1711
# environment
XDG_RUNTIME_DIR = /run/user/1000
# environment
XDG_MENU_PREFIX = gnome-
# environment
VSCODE_LOG_STACK = false
# environment
VSCODE_CRASH_REPORTER_START_OPTIONS = {"companyName":"Microsoft","productName":"VSCode","submitURL":"appcenter://code?aid=fba07a4d-84bd-4fc8-a125-9640fc8ce171&uid=cb9f866a-4b08-46f5-ba54-92ea55d3c668&iid=cb9f866a-4b08-46f5-ba54-92ea55d3c668&sid=cb9f866a-4b08-46f5-ba54-92ea55d3c668","uploadToServer":true}
# default
.FEATURES := target-specific order-only second-expansion else-if shortest-stem undefine oneshell archives jobserver output-sync check-symlink load
# environment
SESSION = ubuntu
# environment
XDG_GREETER_DATA_DIR = /var/lib/lightdm-data/chen
# environment
LS_COLORS = 
# environment
JOB = unity-settings-daemon
# environment
XDG_SESSION_DESKTOP = ubuntu
# environment
SSH_AUTH_SOCK = /run/user/1000/keyring/ssh
# environment
GIO_LAUNCHED_DESKTOP_FILE_PID = 2180
# automatic
%F = $(notdir $%)
# environment
DISPLAY = :0
# environment
GTK_IM_MODULE = ibus
# environment
VSCODE_PIPE_LOGGING = true
# environment
PWD = /home/chen/Desktop/csc3150/source/bonus
# environment
QT_QPA_PLATFORMTHEME = appmenu-qt5
# environment
XDG_SEAT = seat0
# environment
GDM_LANG = en_US
# environment
ORIGINAL_XDG_CURRENT_DESKTOP = Unity
# environment
GTK_MODULES = gail:atk-bridge:unity-gtk-module
# environment
VSCODE_AMD_ENTRYPOINT = vs/workbench/services/extensions/node/extensionHostProcess
# environment
HOME = /home/chen
# environment
LESSCLOSE = /usr/bin/lesspipe %s %s
# environment
 
VSCODE_CODE_CACHE_PATH = /home/chen/.config/Code/CachedData/7f6ab5485bbc008386c4386d08766667e155244e
# environment
LOGNAME = chen
# environment
QT_LINUX_ACCESSIBILITY_ALWAYS_ON = 1
# environment
APPLICATION_INSIGHTS_NO_DIAGNOSTIC_CHANNEL = true
# environment
VSCODE_HANDLES_UNCAUGHT_ERRORS = true
# default
MAKE_VERSION := 4.1
# environment
GNOME_DESKTOP_SESSION_ID = this-is-deprecated
# automatic
^D = $(patsubst %/,%,$(dir $^))
# environment
XDG_VTNR = 7
# environment
MAKELEVEL := 0
# default
MAKE = $(MAKE_COMMAND)
# default
MAKECMDGOALS := all
# environment
QT_IM_MODULE = ibus
# environment
SHLVL = 1
# environment
IM_CONFIG_PHASE = 1
# environment
VSCODE_IPC_HOOK_EXTHOST = /run/user/1000/vscode-ipc-4378999e-1fad-4d9a-b8e2-e02c0689a728.sock
# environment
COMPIZ_CONFIG_PROFILE = ubuntu
# environment
XDG_SESSION_ID = c2
# environment
USER = chen
# makefile
.DEFAULT_GOAL := all
# environment
XDG_CURRENT_DESKTOP = Unity
# environment
UPSTART_EVENTS = xsession started
# automatic
%D = $(patsubst %/,%,$(dir $%))
# environment
GNOME_KEYRING_PID = 
# default
MAKE_COMMAND := make
# default
.VARIABLES := 
# automatic
*F = $(notdir $*)
# environment
LANGUAGE = en_US
# environment
XDG_SEAT_PATH = /org/freedesktop/DisplayManager/Seat0
# environment
VSCODE_IPC_HOOK = /run/user/1000/vscode-9eb2e185-1.60.2-main.sock
# environment
GNOME_KEYRING_CONTROL = 
# makefile
MAKEFLAGS = pqrR
# environment
MFLAGS = -pqrR
# automatic
*D = $(patsubst %/,%,$(dir $*))
# environment
BREAKPAD_DUMP_LOCATION = /home/chen/.config/Code/exthost Crash Reports
# automatic
+D = $(patsubst %/,%,$(dir $+))
# environment
GDK_BACKEND = x11
# automatic
+F = $(notdir $+)
# environment
GTK2_MODULES = overlay-scrollbar
# environment
QT_ACCESSIBILITY = 1
# environment
COMPIZ_BIN_PATH = /usr/bin/
# environment
DEFAULTS_PATH = /usr/share/gconf/ubuntu.default.path
# default
MAKEFILES := 
# environment
UPSTART_SESSION = unix:abstract=/com/ubuntu/upstart-session/1000/1462
# automatic
<F = $(notdir $<)
# makefile (from 'Makefile', line 2)
PROGS := abort alarm bus floating hangup illegal_instr interrupt kill myfork normal1 normal10 normal2 normal3 normal4 normal5 normal6 normal7 normal8 normal9 pipe quit segment_fault terminate trap
# environment
ELECTRON_RUN_AS_NODE = 1
# environment
INSTANCE = 
# environment
LC_ALL = C
# environment
QT4_IM_MODULE = xim
# automatic
^F = $(notdir $^)
# default
SUFFIXES := 
# environment
CHROME_DESKTOP = code-url-handler.desktop
# default
.INCLUDE_DIRS = /usr/include /usr/local/include /usr/include
# default
.RECIPEPREFIX := 
# environment
LANG = C
# environment
VSCODE_PID = 2180
# variable set hash-table stats:
# Load=120/1024=12%, Rehash=0, Collisions=11/155=7%

# Pattern-specific Variable Values

# No pattern-specific variable values.

# Directories

# . (device 2049, inode 143390): 54 files, 11 impossibilities.

# 54 files, 11 impossibilities in 1 directories.

# Implicit Rules

%: %.c
#  recipe to execute (from 'Makefile', line 7):
	$(CC) -o $@ $<

# 1 implicit rules, 0 (0.0%) terminal.

# Files

# Not a target:
alarm.c:
#  Implicit rule search has been done.
#  Last modified 2014-10-20 13:21:00
#  File has been updated.
#  Successfully updated.

# Not a target:
abort.c:
#  Implicit rule search has been done.
#  Last modified 2014-10-20 13:21:00
#  File has been updated.
#  Successfully updated.

# Not a target:
interrupt.c:
#  Implicit rule search has been done.
#  Last modified 2014-10-20 13:21:00
#  File has been updated.
#  Successfully updated.

# Not a target:
normal5:
#  Implicit rule search has not been done.
#  Modification time never checked.
#  File has not been updated.

bus: bus.c
#  Implicit rule search has been done.
#  Implicit/static pattern stem: 'bus'
#  Last modified 2021-10-10 02:37:25.362535307
#  File has been updated.
#  Successfully updated.
#  recipe to execute (from 'Makefile', line 7):
	$(CC) -o $@ $<

all: abort alarm bus floating hangup illegal_instr interrupt kill myfork normal1 normal10 normal2 normal3 normal4 normal5 normal6 normal7 normal8 normal9 pipe quit segment_fault terminate trap
#  Command line target.
#  Implicit rule search has been done.
#  File does not exist.
#  File has been updated.
#  Needs to be updated (-q is set).
# variable set hash-table stats:
# Load=0/32=0%, Rehash=0, Collisions=0/4=0%

# Not a target:
normal2:
#  Implicit rule search has not been done.
#  Modification time never checked.
#  File has not been updated.

# Not a target:
normal7:
#  Implicit rule search has not been done.
#  Modification time never checked.
#  File has not been updated.

# Not a target:
illegal_instr.c:
#  Implicit rule search has been done.
#  Last modified 2014-10-20 13:21:00
#  File has been updated.
#  Successfully updated.

# Not a target:
Makefile:
#  Implicit rule search has been done.
#  Last modified 2014-10-20 13:21:00
#  File has been updated.
#  Successfully updated.

# Not a target:
segment_fault:
#  Implicit rule search has not been done.
#  Modification time never checked.
#  File has not been updated.

# Not a target:
normal4:
#  Implicit rule search has not been done.
#  Modification time never checked.
#  File has not been updated.

hangup: hangup.c
#  Implicit rule search has been done.
#  Implicit/static pattern stem: 'hangup'
#  Last modified 2021-10-10 02:37:25.458534781
#  File has been updated.
#  Successfully updated.
#  recipe to execute (from 'Makefile', line 7):
	$(CC) -o $@ $<

# Not a target:
bus.c:
#  Implicit rule search has been done.
#  Last modified 2014-10-20 13:21:00
#  File has been updated.
#  Successfully updated.

# Not a target:
normal6:
#  Implicit rule search has not been done.
#  Modification time never checked.
#  File has not been updated.

# Not a target:
normal3:
#  Implicit rule search has not been done.
#  Modification time never checked.
#  File has not been updated.

floating: floating.c
#  Implicit rule search has been done.
#  Implicit/static pattern stem: 'floating'
#  Last modified 2021-10-10 02:37:25.410535044
#  File has been updated.
#  Successfully updated.
#  recipe to execute (from 'Makefile', line 7):
	$(CC) -o $@ $<

# Not a target:
.DEFAULT:
#  Implicit rule search has not been done.
#  Modification time never checked.
#  File has not been updated.

myfork: myfork.c
#  Implicit rule search has been done.
#  Implicit/static pattern stem: 'myfork'
#  Last modified 2021-10-10 10:16:35.331458513
#  File has been updated.
#  Needs to be updated (-q is set).
# automatic
# @ := myfork
# automatic
# % := 
# automatic
# * := myfork
# automatic
 
# + := myfork.c
# automatic
# | := 
# automatic
# < := myfork.c
# automatic
# ^ := myfork.c
# automatic
# ? := myfork.c
# variable set hash-table stats:
# Load=8/32=25%, Rehash=0, Collisions=1/14=7%
#  recipe to execute (from 'Makefile', line 7):
	$(CC) -o $@ $<

kill: kill.c
#  Implicit rule search has been done.
#  Implicit/static pattern stem: 'kill'
#  Last modified 2021-10-10 02:37:25.598534016
#  File has been updated.
#  Successfully updated.
#  recipe to execute (from 'Makefile', line 7):
	$(CC) -o $@ $<

# Not a target:
pipe:
#  Implicit rule search has not been done.
#  Modification time never checked.
#  File has not been updated.

clean: abort alarm bus floating hangup illegal_instr interrupt kill myfork normal1 normal10 normal2 normal3 normal4 normal5 normal6 normal7 normal8 normal9 pipe quit segment_fault terminate trap
#  Implicit rule search has not been done.
#  Modification time never checked.
#  File has not been updated.
#  recipe to execute (from 'Makefile', line 10):
	rm $(PROGS)

alarm: alarm.c
#  Implicit rule search has been done.
#  Implicit/static pattern stem: 'alarm'
#  Last modified 2021-10-10 02:37:25.314535568
#  File has been updated.
#  Successfully updated.
#  recipe to execute (from 'Makefile', line 7):
	$(CC) -o $@ $<

# Not a target:
normal8:
#  Implicit rule search has not been done.
#  Modification time never checked.
#  File has not been updated.

# Not a target:
normal9:
#  Implicit rule search has not been done.
#  Modification time never checked.
#  File has not been updated.

abort: abort.c
#  Implicit rule search has been done.
#  Implicit/static pattern stem: 'abort'
#  Last modified 2021-10-10 02:37:25.270535809
#  File has been updated.
#  Successfully updated.
#  recipe to execute (from 'Makefile', line 7):
	$(CC) -o $@ $<

interrupt: interrupt.c
#  Implicit rule search has been done.
#  Implicit/static pattern stem: 'interrupt'
#  Last modified 2021-10-10 02:37:25.550534279
#  File has been updated.
#  Successfully updated.
#  recipe to execute (from 'Makefile', line 7):
	$(CC) -o $@ $<

# Not a target:
hangup.c:
#  Implicit rule search has been done.
#  Last modified 2014-10-20 13:21:00
#  File has been updated.
#  Successfully updated.

# Not a target:
quit:
#  Implicit rule search has not been done.
#  Modification time never checked.
#  File has not been updated.

# Not a target:
trap:
#  Implicit rule search has not been done.
#  Modification time never checked.
#  File has not been updated.

# Not a target:
normal1:
#  Implicit rule search has not been done.
#  Modification time never checked.
#  File has not been updated.

illegal_instr: illegal_instr.c
#  Implicit rule search has been done.
#  Implicit/static pattern stem: 'illegal_instr'
#  Last modified 2021-10-10 02:37:25.50653452
#  File has been updated.
#  Successfully updated.
#  recipe to execute (from 'Makefile', line 7):
	$(CC) -o $@ $<

# Not a target:
floating.c:
#  Implicit rule search has been done.
#  Last modified 2014-10-20 13:21:00
#  File has been updated.
#  Successfully updated.

# Not a target:
myfork.c:
#  Implicit rule search has been done.
#  Last modified 2021-10-10 10:43:45.558440423
#  File has been updated.
#  Successfully updated.

# Not a target:
normal10:
#  Implicit rule search has not been done.
#  Modification time never checked.
#  File has not been updated.

# Not a target:
kill.c:
#  Implicit rule search has been done.
#  Last modified 2014-10-20 13:21:00
#  File has been updated.
#  Successfully updated.

# Not a target:
terminate:
#  Implicit rule search has not been done.
#  Modification time never checked.
#  File has not been updated.

# files hash-table stats:
# Load=38/1024=4%, Rehash=0, Collisions=6/146=4%
# VPATH Search Paths

# No 'vpath' search paths.

# No general ('VPATH' variable) search path.

# strcache buffers: 1 (0) / strings = 73 / storage = 649 B / avg = 8 B
# current buf: size = 8162 B / used = 649 B / count = 73 / avg = 8 B

# strcache performance: lookups = 177 / hit rate = 58%
# hash-table stats:
# Load=73/8192=1%, Rehash=0, Collisions=1/177=1%
# Finished Make data base on Mon Oct 11 03:50:40 2021

 
