make all --print-data-base --no-builtin-variables --no-builtin-rules --question
# GNU Make 4.1
# Built for x86_64-pc-linux-gnu
# Copyright (C) 1988-2014 Free Software Foundation, Inc.
# License GPLv3+: GNU GPL version 3 or later <http://gnu.org/licenses/gpl.html>
# This is free software: you are free to change and redistribute it.
# There is NO WARRANTY, to the extent permitted by law.

# Make data base, printed on Mon Oct 11 06:06:38 2021

# Variables

# automatic
<D = $(patsubst %/,%,$(dir $<))
# automatic
?F = $(notdir $?)
# environment
DESKTOP_SESSION = ubuntu
# default
.SHELLFLAGS := -c
# environment
XDG_SESSION_TYPE = x11
# environment
VSCODE_LOG_NATIVE = false
# environment
UPSTART_INSTANCE = 
# automatic
?D = $(patsubst %/,%,$(dir $?))
# automatic
@D = $(patsubst %/,%,$(dir $@))
# environment
XAUTHORITY = /home/chen/.Xauthority
# environment
GDMSESSION = ubuntu
# environment
XMODIFIERS = @im=ibus
# makefile
CURDIR := /home/chen/Desktop/csc3150/source/program1
# makefile
SHELL = /bin/sh
# environment
UPSTART_JOB = unity7
# environment
VSCODE_NLS_CONFIG = {"locale":"en-us","availableLanguages":{},"_languagePackSupport":true}
# environment
_ = /usr/share/code/code
# environment
XDG_CONFIG_DIRS = /etc/xdg/xdg-ubuntu:/usr/share/upstart/xdg:/etc/xdg
# makefile (from 'Makefile', line 1)
MAKEFILE_LIST :=  Makefile
# automatic
@F = $(notdir $@)
# environment
GIO_LAUNCHED_DESKTOP_FILE = /usr/share/applications/code.desktop
# 'override' directive
GNUMAKEFLAGS := 
# environment
SESSIONTYPE = gnome-session
# environment
MANDATORY_PATH = /usr/share/gconf/ubuntu.mandatory.path
# environment
XDG_DATA_DIRS = /usr/share/ubuntu:/usr/share/gnome:/usr/local/share:/usr/share:/var/lib/snapd/desktop
# environment
DBUS_SESSION_BUS_ADDRESS = unix:abstract=/tmp/dbus-6UoeeIFlIw
# environment
VSCODE_VERBOSE_LOGGING = true
# makefile (from 'Makefile', line 1)
CFILES := abort.c alarm.c bus.c floating.c hangup.c illegal_instr.c interrupt.c kill.c normal.c pipe.c program1.c quit.c segment_fault.c stop.c terminate.c trap.c
# environment
UNITY_DEFAULT_PROFILE = unity
# environment
CLUTTER_IM_MODULE = xim
# environment
LESSOPEN = | /usr/bin/lesspipe %s
# environment
VSCODE_CWD = /home/chen
# environment
XDG_SESSION_PATH = /org/freedesktop/DisplayManager/Session0
# default
MAKE_HOST := x86_64-pc-linux-gnu
# environment
PATH = /home/chen/bin:/home/chen/.local/bin:/home/chen/bin:/home/chen/.local/bin:/usr/local/sbin:/usr/local/bin:/usr/sbin:/usr/bin:/sbin:/bin:/usr/games:/usr/local/games:/snap/bin
# environment
UNITY_HAS_3D_SUPPORT = true
# environment
GPG_AGENT_INFO = /home/chen/.gnupg/S.gpg-agent:0:1
# environment
SESSION_MANAGER = local/ubuntu:@/tmp/.ICE-unix/1711,unix/ubuntu:/tmp/.ICE-unix/1711
# environment
XDG_RUNTIME_DIR = /run/user/1000
# environment
XDG_MENU_PREFIX = gnome-
# environment
VSCODE_LOG_STACK = false
# environment
VSCODE_CRASH_REPORTER_START_OPTIONS = {"companyName":"Microsoft","productName":"VSCode","submitURL":"appcenter://code?aid=fba07a4d-84bd-4fc8-a125-9640fc8ce171&uid=cb9f866a-4b08-46f5-ba54-92ea55d3c668&iid=cb9f866a-4b08-46f5-ba54-92ea55d3c668&sid=cb9f866a-4b08-46f5-ba54-92ea55d3c668","uploadToServer":true}
# default
.FEATURES := target-specific order-only second-expansion else-if shortest-stem undefine oneshell archives jobserver output-sync check-symlink load
# environment
SESSION = ubuntu
# environment
XDG_GREETER_DATA_DIR = /var/lib/lightdm-data/chen
# environment
LS_COLORS = 
# environment
JOB = unity-settings-daemon
# environment
XDG_SESSION_DESKTOP = ubuntu
# environment
SSH_AUTH_SOCK = /run/user/1000/keyring/ssh
# environment
GIO_LAUNCHED_DESKTOP_FILE_PID = 2180
# automatic
%F = $(notdir $%)
# environment
DISPLAY = :0
# environment
GTK_IM_MODULE = ibus
# environment
VSCODE_PIPE_LOGGING = true
# environment
PWD = /home/chen/Desktop/csc3150/source/program1
# environment
QT_QPA_PLATFORMTHEME = appmenu-qt5
# environment
XDG_SEAT = seat0
# environment
GDM_LANG = en_US
# environment
ORIGINAL_XDG_CURRENT_DESKTOP = Unity
# environment
GTK_MODULES = gail:atk-bridge:unity-gtk-module
# environment
VSCODE_AMD_ENTRYPOINT = vs/workbench/services/extensions/node/extensionHostProcess
# environment
HOME = /home/chen
# environment
LESSCLOSE = /usr/bin/lesspipe %s %s
# environment
VSCODE_CODE_CACHE_PATH = /home/chen/.config/Code/CachedData/7f6ab5485bbc008386c4386d08766667e155244e
# environment
LOGNAME = chen
# environment
QT_LINUX_ACCESSIBILITY_ALWAYS_ON = 1
# environment
APPLICATION_INSIGHTS_NO_DIAGNOSTIC_CHANNEL = true
# environment
VSCODE_HANDLES_UNCAUGHT_ERRORS = true
# default
MAKE_VERSION := 4.1
# environment
GNOME_DESKTOP_SESSION_ID = this-is-deprecated
# automatic
^D = $(patsubst %/,%,$(dir $^))
# environment
XDG_VTNR = 7
# environment
MAKELEVEL := 0
# default
MAKE = $(MAKE_COMMAND)
# default
MAKECMDGOALS := all
# environment
QT_IM_MODULE = ibus
# environment
SHLVL = 1
# environment
IM_CONFIG_PHASE = 1
# environment
VSCODE_IPC_HOOK_EXTHOST = /run/user/1000/vscode-ipc-4255dddf-135d-429c-a35a-e4c1e1e19573.sock
# environment
COMPIZ_CONFIG_PROFILE = ubuntu
# environment
XDG_SESSION_ID = c2
# environment
USER = chen
# makefile
.DEFAULT_GOAL := all
# environment
XDG_CURRENT_DESKTOP = Unity
# environment
UPSTART_EVENTS = xsession started
# automatic
%D = $(patsubst %/,%,$(dir $%))
# environment
GNOME_KEYRING_PID = 
# default
MAKE_COMMAND := make
# default
.VARIABLES := 
# automatic
*F = $(notdir $*)
# environment
LANGUAGE = en_US
# environment
XDG_SEAT_PATH = /org/freedesktop/DisplayManager/Seat0
# environment
VSCODE_IPC_HOOK = /run/user/1000/vscode-9eb2e185-1.60.2-main.sock
# environment
GNOME_KEYRING_CONTROL = 
# makefile
MAKEFLAGS = pqrR
# environment
MFLAGS = -pqrR
# automatic
*D = $(patsubst %/,%,$(dir $*))
# environment
BREAKPAD_DUMP_LOCATION = /home/chen/.config/Code/exthost Crash Reports
# automatic
+D = $(patsubst %/,%,$(dir $+))
# environment
GDK_BACKEND = x11
# automatic
+F = $(notdir $+)
# environment
GTK2_MODULES = overlay-scrollbar
# environment
QT_ACCESSIBILITY = 1
# environment
COMPIZ_BIN_PATH = /usr/bin/
# environment
DEFAULTS_PATH = /usr/share/gconf/ubuntu.default.path
# default
MAKEFILES := 
# environment
UPSTART_SESSION = unix:abstract=/com/ubuntu/upstart-session/1000/1462
# automatic
<F = $(notdir $<)
# makefile (from 'Makefile', line 2)
PROGS := abort alarm bus floating hangup illegal_instr interrupt kill normal pipe program1 quit segment_fault stop terminate trap
# environment
ELECTRON_RUN_AS_NODE = 1
# environment
INSTANCE = 
# environment
LC_ALL = C
# environment
QT4_IM_MODULE = xim
# automatic
^F = $(notdir $^)
# default
SUFFIXES := 
# environment
CHROME_DESKTOP = code-url-handler.desktop
# default
.INCLUDE_DIRS = /usr/include /usr/local/include /usr/include
# default
.RECIPEPREFIX := 
# environment
LANG = C
# environment
VSCODE_PID = 2180
# variable set hash-table stats:
# Load=120/1024=12%, Rehash=0, Collisions=11/151=7%

# Pattern-specific Variable Values

# No pattern-specific variable values.

# Directories

# . (device 2049, inode 144137): 36 files, 18 impossibilities.

# 36 files, 18 impossibilities in 1 directories.

# Implicit Rules

%: %.c
#  recipe to execute (from 'Makefile', line 7):
	$(CC) -o $@ $<

# 1 implicit rules, 0 (0.0%) terminal.

# Files

stop: stop.c
#  Implicit rule search has been done.
#  Implicit/static pattern stem: 'stop'
#  Last modified 2021-10-04 02:03:59.815742962
#  File has been updated.
#  Successfully updated.
#  recipe to execute (from 'Makefile', line 7):
	$(CC) -o $@ $<

# Not a target:
alarm.c:
#  Implicit rule search has been done.
#  Last modified 2014-10-16 19:44:52
#  File has been updated.
#  Successfully updated.

# Not a target:
abort.c:
#  Implicit rule search has been done.
#  Last modified 2014-10-16 19:44:52
#  File has been updated.
#  Successfully updated.

# Not a target:
pipe.c:
#  Implicit rule search has been done.
#  Last modified 2014-10-16 19:44:52
#  File has been updated.
#  Successfully updated.

# Not a target:
interrupt.c:
#  Implicit rule search has been done.
#  Last modified 2014-10-16 19:44:52
#  File has been updated.
#  Successfully updated.

bus: bus.c
#  Implicit rule search has been done.
#  Implicit/static pattern stem: 'bus'
#  Last modified 2021-10-04 02:03:59.431743749
#  File has been updated.
#  Successfully updated.
#  recipe to execute (from 'Makefile', line 7):
	$(CC) -o $@ $<

# Not a target:
normal.c:
#  Implicit rule search has been done.
 
#  Last modified 2014-10-16 19:44:52
#  File has been updated.
#  Successfully updated.

all: abort alarm bus floating hangup illegal_instr interrupt kill normal pipe program1 quit segment_fault stop terminate trap
#  Command line target.
#  Implicit rule search has been done.
#  File does not exist.
#  File has been updated.
#  Successfully updated.

# Not a target:
quit.c:
#  Implicit rule search has been done.
#  Last modified 2014-10-16 19:44:52
#  File has been updated.
#  Successfully updated.

program1: program1.c
#  Implicit rule search has been done.
#  Implicit/static pattern stem: 'program1'
#  Last modified 2021-10-10 23:41:21.561710346
#  File has been updated.
#  Successfully updated.
#  recipe to execute (from 'Makefile', line 7):
	$(CC) -o $@ $<

# Not a target:
trap.c:
#  Implicit rule search has been done.
#  Last modified 2014-10-16 19:44:52
#  File has been updated.
#  Successfully updated.

# Not a target:
illegal_instr.c:
#  Implicit rule search has been done.
#  Last modified 2014-10-16 19:44:52
#  File has been updated.
#  Successfully updated.

# Not a target:
Makefile:
#  Implicit rule search has been done.
#  Last modified 2014-10-16 19:44:52
#  File has been updated.
#  Successfully updated.

segment_fault: segment_fault.c
#  Implicit rule search has been done.
#  Implicit/static pattern stem: 'segment_fault'
#  Last modified 2021-10-04 02:03:59.783743027
#  File has been updated.
#  Successfully updated.
#  recipe to execute (from 'Makefile', line 7):
	$(CC) -o $@ $<

# Not a target:
terminate.c:
#  Implicit rule search has been done.
#  Last modified 2014-10-16 19:44:52
#  File has been updated.
#  Successfully updated.

# Not a target:
stop.c:
#  Implicit rule search has been done.
#  Last modified 2014-10-16 19:44:52
#  File has been updated.
#  Successfully updated.

hangup: hangup.c
#  Implicit rule search has been done.
#  Implicit/static pattern stem: 'hangup'
#  Last modified 2021-10-04 02:03:59.519743568
#  File has been updated.
#  Successfully updated.
#  recipe to execute (from 'Makefile', line 7):
	$(CC) -o $@ $<

# Not a target:
bus.c:
#  Implicit rule search has been done.
#  Last modified 2014-10-16 19:44:52
#  File has been updated.
#  Successfully updated.

floating: floating.c
#  Implicit rule search has been done.
#  Implicit/static pattern stem: 'floating'
#  Last modified 2021-10-04 02:03:59.483743642
#  File has been updated.
#  Successfully updated.
#  recipe to execute (from 'Makefile', line 7):
	$(CC) -o $@ $<

# Not a target:
.DEFAULT:
#  Implicit rule search has not been done.
#  Modification time never checked.
#  File has not been updated.

kill: kill.c
#  Implicit rule search has been done.
#  Implicit/static pattern stem: 'kill'
#  Last modified 2021-10-04 02:03:59.615743372
#  File has been updated.
#  Successfully updated.
#  recipe to execute (from 'Makefile', line 7):
	$(CC) -o $@ $<

# Not a target:
program1.c:
#  Implicit rule search has been done.
#  Last modified 2021-10-10 23:41:14.725748366
#  File has been updated.
#  Successfully updated.

# Not a target:
segment_fault.c:
#  Implicit rule search has been done.
#  Last modified 2014-10-16 19:44:52
#  File has been updated.
#  Successfully updated.

clean: abort alarm bus floating hangup illegal_instr interrupt kill normal pipe program1 quit segment_fault stop terminate trap
#  Implicit rule search has not been done.
#  Modification time never checked.
#  File has not been updated.
#  recipe to execute (from 'Makefile', line 10):
	rm $(PROGS)

alarm: alarm.c
#  Implicit rule search has been done.
#  Implicit/static pattern stem: 'alarm'
#  Last modified 2021-10-04 02:03:59.403743806
#  File has been updated.
#  Successfully updated.
#  recipe to execute (from 'Makefile', line 7):
	$(CC) -o $@ $<

pipe: pipe.c
#  Implicit rule search has been done.
#  Implicit/static pattern stem: 'pipe'
#  Last modified 2021-10-04 02:03:59.667743265
#  File has been updated.
#  Successfully updated.
#  recipe to execute (from 'Makefile', line 7):
	$(CC) -o $@ $<

abort: abort.c
#  Implicit rule search has been done.
#  Implicit/static pattern stem: 'abort'
#  Last modified 2021-10-04 02:03:59.375743863
#  File has been updated.
#  Successfully updated.
#  recipe to execute (from 'Makefile', line 7):
	$(CC) -o $@ $<

interrupt: interrupt.c
#  Implicit rule search has been done.
#  Implicit/static pattern stem: 'interrupt'
#  Last modified 2021-10-04 02:03:59.587743429
#  File has been updated.
#  Successfully updated.
#  recipe to execute (from 'Makefile', line 7):
	$(CC) -o $@ $<

# Not a target:
hangup.c:
#  Implicit rule search has been done.
#  Last modified 2014-10-16 19:44:52
#  File has been updated.
#  Successfully updated.

normal: normal.c
#  Implicit rule search has been done.
#  Implicit/static pattern stem: 'normal'
#  Last modified 2021-10-04 02:03:59.639743323
#  File has been updated.
#  Successfully updated.
#  recipe to execute (from 'Makefile', line 7):
	$(CC) -o $@ $<

quit: quit.c
#  Implicit rule search has been done.
#  Implicit/static pattern stem: 'quit'
#  Last modified 2021-10-04 02:03:59.743743109
#  File has been updated.
#  Successfully updated.
#  recipe to execute (from 'Makefile', line 7):
	$(CC) -o $@ $<

trap: trap.c
#  Implicit rule search has been done.
#  Implicit/static pattern stem: 'trap'
#  Last modified 2021-10-04 02:03:59.87974283
#  File has been updated.
#  Successfully updated.
#  recipe to execute (from 'Makefile', line 7):
	$(CC) -o $@ $<

illegal_instr: illegal_instr.c
#  Implicit rule search has been done.
#  Implicit/static pattern stem: 'illegal_instr'
#  Last modified 2021-10-04 02:03:59.555743495
#  File has been updated.
#  Successfully updated.
#  recipe to execute (from 'Makefile', line 7):
	$(CC) -o $@ $<

# Not a target:
floating.c:
#  Implicit rule search has been done.
#  Last modified 2014-10-16 19:44:52
#  File has been updated.
#  Successfully updated.

# Not a target:
kill.c:
#  Implicit rule search has been done.
#  Last modified 2014-10-16 19:44:52
#  File has been updated.
#  Successfully updated.

terminate: terminate.c
#  Implicit rule search has been done.
#  Implicit/static pattern stem: 'terminate'
#  Last modified 2021-10-04 02:03:59.851742887
#  File has been updated.
#  Successfully updated.
#  recipe to execute (from 'Makefile', line 7):
	$(CC) -o $@ $<

# files hash-table stats:
# Load=37/1024=4%, Rehash=0, Collisions=2/164=1%
# VPATH Search Paths

# No 'vpath' search paths.

# No general ('VPATH' variable) search path.

# strcache buffers: 1 (0) / strings = 62 / storage = 565 B / avg = 9 B
# current buf: size = 8162 B / used = 565 B / count = 62 / avg = 9 B

# strcache performance: lookups = 185 / hit rate = 66%
# hash-table stats:
# Load=62/8192=1%, Rehash=0, Collisions=1/185=1%
# Finished Make data base on Mon Oct 11 06:06:38 2021

 
